Build started 05.07.2017 11:49:11.
     1>Project "C:\Users\Bartek\Desktop\Mój GitHub\Cpp_Paint\OwnPaint.vcxproj" on node 2 (Build target(s)).
     1>ClCompile:
         C:\Program Files (x86)\Microsoft Visual Studio 14.0\VC\bin\CL.exe /c /I"C:\Users\Bartek\Desktop\Mój GitHub\Cpp_Paint\packages\sfml-audio.2.4.0.0\build\native\../..//build/native/include/" /I"C:\Users\Bartek\Desktop\Mój GitHub\Cpp_Paint\packages\sfml-graphics.2.4.0.0\build\native\../..//build/native/include/" /I"C:\Users\Bartek\Desktop\Mój GitHub\Cpp_Paint\packages\sfml-window.2.4.0.0\build\native\../..//build/native/include/" /I"C:\Users\Bartek\Desktop\Mój GitHub\Cpp_Paint\packages\sfml-system.2.4.0.0\build\native\../..//build/native/include/" /Zi /nologo /W3 /WX- /Od /Oy- /D HAS_SFML /D HAS_SFML /D HAS_SFML /D HAS_SFML /D WIN32 /D _DEBUG /D _CONSOLE /Gm /EHsc /RTC1 /MDd /GS /fp:precise /Zc:wchar_t /Zc:forScope /Zc:inline /Fo"Debug\\" /Fd"Debug\vc140.pdb" /Gd /TP /analyze- /errorReport:prompt OwnPaint.cpp
         OwnPaint.cpp
     1>OwnPaint.cpp(217): warning C4244: 'argument': conversion from 'int' to 'float', possible loss of data
     1>OwnPaint.cpp(220): warning C4244: 'argument': conversion from 'int' to 'float', possible loss of data
     1>OwnPaint.cpp(227): warning C4244: 'argument': conversion from 'int' to 'float', possible loss of data
     1>OwnPaint.cpp(235): warning C4244: 'argument': conversion from 'int' to 'float', possible loss of data
     1>OwnPaint.cpp(244): warning C4244: '=': conversion from 'int' to 'float', possible loss of data
     1>OwnPaint.cpp(245): warning C4244: '=': conversion from 'int' to 'float', possible loss of data
     1>OwnPaint.cpp(253): warning C4244: 'argument': conversion from 'int' to 'float', possible loss of data
     1>OwnPaint.cpp(275): warning C4244: '=': conversion from 'int' to 'float', possible loss of data
     1>OwnPaint.cpp(276): warning C4244: '=': conversion from 'int' to 'float', possible loss of data
     1>OwnPaint.cpp(284): warning C4244: 'argument': conversion from 'int' to 'float', possible loss of data
     1>OwnPaint.cpp(306): warning C4244: '=': conversion from 'int' to 'float', possible loss of data
     1>OwnPaint.cpp(307): warning C4244: '=': conversion from 'int' to 'float', possible loss of data
       Link:
         C:\Program Files (x86)\Microsoft Visual Studio 14.0\VC\bin\link.exe /ERRORREPORT:PROMPT /OUT:"C:\Users\Bartek\Desktop\Mój GitHub\Cpp_Paint\Debug\OwnPaint.exe" /INCREMENTAL /NOLOGO "C:\Users\Bartek\Desktop\Mój GitHub\Cpp_Paint\packages\sfml-audio.2.4.0.0\build\native\../..//build/native/lib/Win32\v140\Debug\dynamic\sfml-audio-d.lib" "C:\Users\Bartek\Desktop\Mój GitHub\Cpp_Paint\packages\sfml-graphics.2.4.0.0\build\native\../..//build/native/lib/Win32\v140\Debug\dynamic\sfml-graphics-d.lib" "C:\Users\Bartek\Desktop\Mój GitHub\Cpp_Paint\packages\sfml-window.2.4.0.0\build\native\../..//build/native/lib/Win32\v140\Debug\dynamic\sfml-window-d.lib" "C:\Users\Bartek\Desktop\Mój GitHub\Cpp_Paint\packages\sfml-system.2.4.0.0\build\native\../..//build/native/lib/Win32\vorbisfile.lib" "C:\Users\Bartek\Desktop\Mój GitHub\Cpp_Paint\packages\sfml-system.2.4.0.0\build\native\../..//build/native/lib/Win32\vorbisenc.lib" "C:\Users\Bartek\Desktop\Mój GitHub\Cpp_Paint\packages\sfml-system.2.4.0.0\build\native\../..//build/native/lib/Win32\vorbis.lib" "C:\Users\Bartek\Desktop\Mój GitHub\Cpp_Paint\packages\sfml-system.2.4.0.0\build\native\../..//build/native/lib/Win32\openal32.lib" "C:\Users\Bartek\Desktop\Mój GitHub\Cpp_Paint\packages\sfml-system.2.4.0.0\build\native\../..//build/native/lib/Win32\ogg.lib" "C:\Users\Bartek\Desktop\Mój GitHub\Cpp_Paint\packages\sfml-system.2.4.0.0\build\native\../..//build/native/lib/Win32\jpeg.lib" "C:\Users\Bartek\Desktop\Mój GitHub\Cpp_Paint\packages\sfml-system.2.4.0.0\build\native\../..//build/native/lib/Win32\freetype.lib" "C:\Users\Bartek\Desktop\Mój GitHub\Cpp_Paint\packages\sfml-system.2.4.0.0\build\native\../..//build/native/lib/Win32\flac.lib" "C:\Users\Bartek\Desktop\Mój GitHub\Cpp_Paint\packages\sfml-system.2.4.0.0\build\native\../..//build/native/lib/Win32\v140\Debug\dynamic\sfml-system-d.lib" "C:\Users\Bartek\Desktop\Mój GitHub\Cpp_Paint\packages\sfml-system.2.4.0.0\build\native\../..//build/native/lib/Win32\v140\Debug\sfml-main-d.lib" kernel32.lib user32.lib gdi32.lib winspool.lib comdlg32.lib advapi32.lib shell32.lib ole32.lib oleaut32.lib uuid.lib odbc32.lib odbccp32.lib /MANIFEST /MANIFESTUAC:"level='asInvoker' uiAccess='false'" /manifest:embed /Debug /PDB:"C:\Users\Bartek\Desktop\Mój GitHub\Cpp_Paint\Debug\OwnPaint.pdb" /SUBSYSTEM:CONSOLE /TLBID:1 /DYNAMICBASE /NXCOMPAT /IMPLIB:"C:\Users\Bartek\Desktop\Mój GitHub\Cpp_Paint\Debug\OwnPaint.lib" /MACHINE:X86 Debug\OwnPaint.obj
         OwnPaint.vcxproj -> C:\Users\Bartek\Desktop\Mój GitHub\Cpp_Paint\Debug\OwnPaint.exe
     1>Done Building Project "C:\Users\Bartek\Desktop\Mój GitHub\Cpp_Paint\OwnPaint.vcxproj" (Build target(s)).

Build succeeded.

Time Elapsed 00:00:02.27
